Wed, 22 Sep 2021 14:33:47 GMT | INFO  | Server is running on port: 3000
Thu, 23 Sep 2021 06:56:27 GMT | INFO  | Server is running on port: 3000
Thu, 23 Sep 2021 06:56:36 GMT | INFO  | Server is running on port: 3000
Thu, 23 Sep 2021 06:57:04 GMT | INFO  | Server is running on port: 3000
Thu, 23 Sep 2021 06:58:11 GMT | INFO  | Server is running on port: 3000
Thu, 23 Sep 2021 06:58:11 GMT | INFO  | Connected to database
Thu, 23 Sep 2021 07:21:51 GMT | INFO  | Server is running on port: 3000
Thu, 23 Sep 2021 07:21:51 GMT | INFO  | Connected to database
Thu, 23 Sep 2021 07:25:12 GMT | INFO  | Server is running on port: 3000
Thu, 23 Sep 2021 07:25:12 GMT | INFO  | Connected to database
Thu, 23 Sep 2021 07:26:10 GMT | INFO  | Server is running on port: 3000
Thu, 23 Sep 2021 07:26:10 GMT | INFO  | Connected to database
Thu, 23 Sep 2021 07:27:03 GMT | INFO  | Server is running on port: 3000
Thu, 23 Sep 2021 07:27:03 GMT | INFO  | Connected to database
Thu, 23 Sep 2021 07:28:26 GMT | INFO  | Server is running on port: 3000
Thu, 23 Sep 2021 07:28:26 GMT | INFO  | Connected to database
Thu, 23 Sep 2021 07:31:17 GMT | INFO  | Server is running on port: 3000
Thu, 23 Sep 2021 07:31:17 GMT | INFO  | Connected to database
Thu, 23 Sep 2021 07:34:20 GMT | INFO  | Server is running on port: 3000
Thu, 23 Sep 2021 07:34:20 GMT | INFO  | Connected to database
Thu, 23 Sep 2021 07:35:40 GMT | INFO  | Server is running on port: 3000
Thu, 23 Sep 2021 07:35:40 GMT | INFO  | Connected to database
Thu, 23 Sep 2021 07:37:16 GMT | INFO  | Server is running on port: 3000
Thu, 23 Sep 2021 07:37:16 GMT | INFO  | Connected to database
Thu, 23 Sep 2021 07:38:14 GMT | INFO  | Server is running on port: 3000
Thu, 23 Sep 2021 07:38:14 GMT | INFO  | Connected to database
Thu, 23 Sep 2021 07:40:48 GMT | INFO  | Server is running on port: 3000
Thu, 23 Sep 2021 07:40:48 GMT | INFO  | Connected to database
Fri, 01 Oct 2021 13:36:25 GMT | INFO  | Server is running on port: 3000
Fri, 01 Oct 2021 13:36:25 GMT | INFO  | Connected to database
Fri, 01 Oct 2021 13:49:54 GMT | INFO  | Server is running on port: 3000
Fri, 01 Oct 2021 13:49:54 GMT | INFO  | Connected to database
Fri, 01 Oct 2021 13:55:12 GMT | INFO  | Server is running on port: 3000
Fri, 01 Oct 2021 13:55:12 GMT | INFO  | Connected to database
Fri, 01 Oct 2021 13:58:15 GMT | INFO  | Server is running on port: 3000
Fri, 01 Oct 2021 13:58:15 GMT | INFO  | Connected to database
Tue, 30 Nov 2021 22:55:00 GMT | INFO  | Server is running on port: 3000
Tue, 30 Nov 2021 22:55:00 GMT | INFO  | Connected to database
Tue, 30 Nov 2021 23:06:26 GMT | INFO  | Server is running on port: 3000
Tue, 30 Nov 2021 23:06:26 GMT | INFO  | Connected to database
Tue, 30 Nov 2021 23:09:05 GMT | INFO  | Server is running on port: 3000
Tue, 30 Nov 2021 23:09:05 GMT | INFO  | Connected to database
Tue, 30 Nov 2021 23:13:14 GMT | INFO  | Server is running on port: 3000
Tue, 30 Nov 2021 23:13:14 GMT | INFO  | Connected to database
Tue, 30 Nov 2021 23:46:03 GMT | INFO  | Server is running on port: 3000
Tue, 30 Nov 2021 23:46:03 GMT | INFO  | Connected to database
Wed, 01 Dec 2021 09:18:05 GMT | INFO  | Server is running on port: 3000
Wed, 01 Dec 2021 09:18:05 GMT | INFO  | Connected to database
Wed, 01 Dec 2021 09:24:01 GMT | INFO  | Server is running on port: 3000
Wed, 01 Dec 2021 09:24:01 GMT | INFO  | Connected to database
Wed, 01 Dec 2021 20:25:28 GMT | INFO  | Server is running on port: 3000
Wed, 01 Dec 2021 20:25:28 GMT | INFO  | Connected to database
Wed, 01 Dec 2021 21:38:37 GMT | INFO  | Server is running on port: 3000
Wed, 01 Dec 2021 21:38:37 GMT | INFO  | Connected to database
